Arguments: 
  C:\Program Files\nodejs\node.exe C:\Program Files (x86)\Yarn\bin\yarn.js

PATH: 
  C:\Program Files (x86)\VMware\VMware Workstation\bin\;C:\Windows\system32;C:\Windows;C:\Windows\System32\Wbem;C:\Windows\System32\WindowsPowerShell\v1.0\;C:\Windows\System32\OpenSSH\;C:\Users\Administrator\AppData\Roaming\nvm;C:\Program Files\nodejs;C:\Program Files (x86)\Yarn\bin\;C:\ProgramData\ComposerSetup\bin;C:\Program Files\Git\cmd;C:\Program Files\Microsoft SQL Server\150\Tools\Binn\;C:\Program Files\Microsoft SQL Server\Client SDK\ODBC\170\Tools\Binn\;C:\Program Files\dotnet\;C:\xampp\php;C:\Users\Administrator\AppData\Local\Programs\Python\Python311;C:\Users\Administrator\AppData\Local\Programs\Python\Python311\Scripts;C:\Users\Administrator\AppData\Local\Microsoft\WindowsApps;C:\Users\Administrator\AppData\Local\Programs\Microsoft VS Code\bin;C:\Users\Administrator\AppData\Roaming\npm;C:\Users\Administrator\AppData\Roaming\nvm;C:\Program Files\nodejs;C:\Users\Administrator\AppData\Local\Yarn\bin;C:\Users\Administrator\AppData\Roaming\Composer\vendor\bin;C:\Users\Administrator\.dotnet\tools;C:\xampp\mysql\bin;C:\Program Files (x86)\GnuWin32\bin;

Yarn version: 
  1.22.5

Node version: 
  18.18.0

Platform: 
  win32 x64

Trace: 
  Error: getaddrinfo ENOTFOUND registry.yarnpkg.com
      at GetAddrInfoReqWrap.onlookup [as oncomplete] (node:dns:108:26)

npm manifest: 
  {
    "name": "telegram-bot",
    "version": "1.0.0",
    "description": "Telegram Bot that greets people, powered by Cyclic.",
    "main": "dist/bot.js",
    "scripts": {
      "build": "tsc",
      "start": "node dist/bot.js",
      "dev": "env-cmd ts-node-dev src/bot.ts",
      "test": "echo \"Error: no test specified\" && exit 1"
    },
    "repository": {
      "type": "git",
      "url": "git+https://github.com/eludadev/telegram-bot.git"
    },
    "keywords": [
      "chat",
      "bot",
      "unicode",
      "social-media",
      "bots",
      "telegram",
      "serverless",
      "telegram-bot",
      "chatbot",
      "text-effects"
    ],
    "author": "eludadev",
    "license": "MIT",
    "bugs": {
      "url": "https://github.com/eludadev/telegram-bot/issues"
    },
    "homepage": "https://github.com/eludadev/telegram-bot#readme",
    "devDependencies": {
      "@types/express": "^4.17.14",
      "@types/lodash": "^4.14.188",
      "@types/node": "^18.11.7",
      "@types/node-fetch": "^2.6.2",
      "env-cmd": "^10.1.0",
      "ts-node-dev": "^2.0.0",
      "typescript": "^4.8.4"
    },
    "dependencies": {
      "express": "^4.18.2",
      "grammy": "^1.11.2",
      "lodash": "^4.17.21"
    }
  }

yarn manifest: 
  No manifest

Lockfile: 
  No lockfile
